<?xml version="1.0" encoding="UTF-8"?>
<!-- Generated by org.testng.reporters.JUnitXMLReporter -->
<testsuite ignored="0" hostname="HP" failures="0" tests="3" name="Default test" time="0.049" errors="0" timestamp="2023-10-21T22:23:07 IST">
  <testcase classname="Test_Reading_Data.DataProvider10" name="sampleloginTest" time="0.006"/>
  <testcase classname="Test_Reading_Data.DataProvider10" name="sampleloginTest" time="0.003"/>
  <testcase classname="Test_Reading_Data.DataProvider10" name="sampleloginTest" time="0.001"/>
</testsuite> <!-- Default test -->
