<?xml version="1.0" encoding="UTF-8"?>
<!-- Generated by org.testng.reporters.JUnitXMLReporter -->
<testsuite ignored="0" hostname="HP" failures="0" tests="6" name="Test" time="8.205" errors="0" timestamp="2023-10-19T16:51:11 IST">
  <testcase classname="Test_POM.LogReporter" name="openIndiagate" time="8.152"/>
  <testcase classname="Test_POM.TestCase2" name="testcase1" time="0.0"/>
  <testcase classname="Test_POM.TestCase2" name="testcase2" time="0.0"/>
  <testcase classname="Test_POM.TestCase2" name="testcase3" time="0.0"/>
  <testcase classname="Test_POM.TestCase2" name="testcase4" time="0.016"/>
  <testcase classname="Test_POM.TestCase2" name="testcase5" time="0.0"/>
</testsuite> <!-- Test -->
