<?xml version="1.0" encoding="UTF-8"?>
<!-- Generated by org.testng.reporters.JUnitXMLReporter -->
<testsuite ignored="3" hostname="HP" failures="0" tests="3" name="Test" time="0.044" errors="0" timestamp="2023-10-17T12:24:50 IST">
  <testcase classname="Script_Design_01.TestNGDemo2" name="mobile1" time="0.008"/>
  <testcase classname="Script_Design_01.TestNGDemo2" name="mobile2" time="0.001"/>
  <testcase classname="Script_Design_01.TestNGDemo2" name="mobile3" time="0.004"/>
  <testcase classname="Script_Design_01.TestNGDemo2" name="testcase1" time="0.0">
    <ignored/>
  </testcase> <!-- testcase1 -->
  <testcase classname="Script_Design_01.TestNGDemo2" name="testcase3" time="0.0">
    <ignored/>
  </testcase> <!-- testcase3 -->
  <testcase classname="Script_Design_01.TestNGDemo2" name="testcase2" time="0.0">
    <ignored/>
  </testcase> <!-- testcase2 -->
</testsuite> <!-- Test -->
